2022-09-25 23:30:52,163 INFO o.a.j.u.JMeterUtils: Setting Locale to en_EN
2022-09-25 23:30:52,228 INFO o.a.j.JMeter: Loading user properties from: user.properties
2022-09-25 23:30:52,228 INFO o.a.j.JMeter: Loading system properties from: system.properties
2022-09-25 23:30:52,247 INFO o.a.j.JMeter: Copyright (c) 1998-2022 The Apache Software Foundation
2022-09-25 23:30:52,247 INFO o.a.j.JMeter: Version 5.5
2022-09-25 23:30:52,247 INFO o.a.j.JMeter: java.version=18.0.2.1
2022-09-25 23:30:52,247 INFO o.a.j.JMeter: java.vm.name=Java HotSpot(TM) 64-Bit Server VM
2022-09-25 23:30:52,247 INFO o.a.j.JMeter: os.name=Windows 11
2022-09-25 23:30:52,247 INFO o.a.j.JMeter: os.arch=amd64
2022-09-25 23:30:52,247 INFO o.a.j.JMeter: os.version=10.0
2022-09-25 23:30:52,247 INFO o.a.j.JMeter: file.encoding=UTF-8
2022-09-25 23:30:52,247 INFO o.a.j.JMeter: java.awt.headless=null
2022-09-25 23:30:52,247 INFO o.a.j.JMeter: Max memory     =1073741824
2022-09-25 23:30:52,247 INFO o.a.j.JMeter: Available Processors =8
2022-09-25 23:30:52,276 INFO o.a.j.JMeter: Default Locale=English (EN)
2022-09-25 23:30:52,278 INFO o.a.j.JMeter: JMeter  Locale=English (EN)
2022-09-25 23:30:52,278 INFO o.a.j.JMeter: JMeterHome=C:\Users\Akula Abhinav\Documents\Jmeter\apache-jmeter-5.5 (1)\apache-jmeter-5.5
2022-09-25 23:30:52,278 INFO o.a.j.JMeter: user.dir  =C:\Users\Akula Abhinav\Documents\Jmeter\apache-jmeter-5.5 (1)\apache-jmeter-5.5\bin
2022-09-25 23:30:52,278 INFO o.a.j.JMeter: PWD       =C:\Users\Akula Abhinav\Documents\Jmeter\apache-jmeter-5.5 (1)\apache-jmeter-5.5\bin
2022-09-25 23:30:52,283 INFO o.a.j.JMeter: IP: 192.168.8.167 Name: LAPTOP-R6D2QTD5 FullName: 192.168.8.167
2022-09-25 23:30:52,307 INFO o.a.j.JMeter: Loaded icon properties from org/apache/jmeter/images/icon.properties
2022-09-25 23:30:52,627 INFO o.a.j.JMeterGuiLauncher: Setting LAF to: com.github.weisj.darklaf.DarkLaf:com.github.weisj.darklaf.theme.DarculaTheme
2022-09-25 23:31:11,655 INFO o.a.j.s.FileServer: Default base='C:\Users\Akula Abhinav\Documents\Jmeter\apache-jmeter-5.5 (1)\apache-jmeter-5.5\bin'
2022-09-25 23:31:11,659 INFO o.a.j.g.a.Load: Loading file: C:\Users\Akula Abhinav\Downloads\test-1.jmx
2022-09-25 23:31:11,659 INFO o.a.j.s.FileServer: Set new base='C:\Users\Akula Abhinav\Downloads'
2022-09-25 23:31:11,998 INFO o.a.j.s.SaveService: Testplan (JMX) version: 2.2. Testlog (JTL) version: 2.2
2022-09-25 23:31:12,030 INFO o.a.j.s.SaveService: Using SaveService properties version 5.0
2022-09-25 23:31:12,030 INFO o.a.j.s.SaveService: Using SaveService properties file encoding UTF-8
2022-09-25 23:31:12,036 INFO o.a.j.s.SaveService: Loading file: C:\Users\Akula Abhinav\Downloads\test-1.jmx
2022-09-25 23:31:12,071 INFO o.a.j.p.h.c.CookieManager: Settings: Delete null: true Check: true Allow variable: true Save: false Prefix: COOKIE_
2022-09-25 23:31:12,074 INFO o.a.j.p.h.c.CacheManager: Will only cache the following methods: [GET]
2022-09-25 23:31:12,078 INFO o.a.j.p.h.s.HTTPSamplerBase: Parser for text/html is org.apache.jmeter.protocol.http.parser.LagartoBasedHtmlParser
2022-09-25 23:31:12,082 INFO o.a.j.p.h.s.HTTPSamplerBase: Parser for application/xhtml+xml is org.apache.jmeter.protocol.http.parser.LagartoBasedHtmlParser
2022-09-25 23:31:12,082 INFO o.a.j.p.h.s.HTTPSamplerBase: Parser for application/xml is org.apache.jmeter.protocol.http.parser.LagartoBasedHtmlParser
2022-09-25 23:31:12,082 INFO o.a.j.p.h.s.HTTPSamplerBase: Parser for text/xml is org.apache.jmeter.protocol.http.parser.LagartoBasedHtmlParser
2022-09-25 23:31:12,082 INFO o.a.j.p.h.s.HTTPSamplerBase: Parser for text/vnd.wap.wml is org.apache.jmeter.protocol.http.parser.RegexpHTMLParser
2022-09-25 23:31:12,082 INFO o.a.j.p.h.s.HTTPSamplerBase: Parser for text/css is org.apache.jmeter.protocol.http.parser.CssParser
2022-09-25 23:31:12,441 INFO o.a.j.s.SampleResult: Note: Sample TimeStamps are START times
2022-09-25 23:31:12,441 INFO o.a.j.s.SampleResult: sampleresult.default.encoding is set to ISO-8859-1
2022-09-25 23:31:12,441 INFO o.a.j.s.SampleResult: sampleresult.useNanoTime=true
2022-09-25 23:31:12,441 INFO o.a.j.s.SampleResult: sampleresult.nanoThreadSleep=5000
2022-09-25 23:31:12,702 INFO o.a.j.v.ViewResultsFullVisualizer: Add JavaFX to your Java installation if you want to use renderer: org.apache.jmeter.visualizers.RenderInBrowser
2022-09-25 23:31:12,835 INFO o.a.j.s.FileServer: Set new base='C:\Users\Akula Abhinav\Downloads'
2022-09-25 23:36:20,716 INFO o.a.j.e.StandardJMeterEngine: Running the test!
2022-09-25 23:36:20,717 INFO o.a.j.s.SampleEvent: List of sample_variables: []
2022-09-25 23:36:20,717 INFO o.a.j.s.SampleEvent: List of sample_variables: []
2022-09-25 23:36:20,718 INFO o.a.j.e.u.CompoundVariable: Note: Function class names must contain the string: '.functions.'
2022-09-25 23:36:20,718 INFO o.a.j.e.u.CompoundVariable: Note: Function class names must not contain the string: '.gui.'
2022-09-25 23:36:20,776 INFO o.a.j.g.u.JMeterMenuBar: setRunning(true, *local*)
2022-09-25 23:36:20,807 INFO o.a.j.e.StandardJMeterEngine: Starting ThreadGroup: 1 : Thread Group
2022-09-25 23:36:20,807 INFO o.a.j.e.StandardJMeterEngine: Starting 1 threads for group Thread Group.
2022-09-25 23:36:20,807 INFO o.a.j.e.StandardJMeterEngine: Thread will continue on error
2022-09-25 23:36:20,808 INFO o.a.j.t.ThreadGroup: Starting thread group... number=1 threads=1 ramp-up=1 delayedStart=false
2022-09-25 23:36:20,810 INFO o.a.j.t.ThreadGroup: Started thread group number 1
2022-09-25 23:36:20,811 INFO o.a.j.e.StandardJMeterEngine: All thread groups have been started
2022-09-25 23:36:20,812 INFO o.a.j.t.JMeterThread: Thread started: Thread Group 1-1
2022-09-25 23:36:20,828 INFO o.a.j.p.h.s.HTTPHCAbstractImpl: Local host = LAPTOP-R6D2QTD5
2022-09-25 23:36:20,834 INFO o.a.j.p.h.s.HTTPHC4Impl: HTTP request retry count = 0
2022-09-25 23:36:21,026 INFO o.a.j.p.h.s.h.LazyLayeredConnectionSocketFactory: Setting up HTTPS TrustAll Socket Factory
2022-09-25 23:36:21,032 INFO o.a.j.u.JsseSSLManager: Using default SSL protocol: TLS
2022-09-25 23:36:21,032 INFO o.a.j.u.JsseSSLManager: SSL session context: per-thread
2022-09-25 23:36:21,200 INFO o.a.j.u.SSLManager: JmeterKeyStore Location:  type JKS
2022-09-25 23:36:21,204 INFO o.a.j.u.SSLManager: KeyStore created OK
2022-09-25 23:36:21,204 WARN o.a.j.u.SSLManager: Keystore file not found, loading empty keystore
2022-09-25 23:36:22,298 INFO o.a.j.p.h.p.BaseParser: Created org.apache.jmeter.protocol.http.parser.LagartoBasedHtmlParser
2022-09-25 23:36:22,421 INFO o.a.j.p.h.s.ResourcesDownloader: Creating ResourcesDownloader with keepalive_inseconds : 60
2022-09-25 23:36:22,653 INFO o.a.j.p.h.p.BaseParser: Created org.apache.jmeter.protocol.http.parser.CssParser
2022-09-25 23:36:22,771 WARN c.h.c.r.e.LoggingCSSParseErrorHandler: Browser compliant mode skipped CSS from [1:1869] starting at token 'is-style-outline' until [1:2004] to token '}' (based on com.helger.css.parser.ParseException: Encountered unexpected token: ">" ">"
    at line 1, column 1885.

Was expecting one of:

    ","
    "."
    ":"
    ":not("
    "["
    "{"
    <HASH>
    <S>
)
2022-09-25 23:36:22,787 WARN c.h.c.r.e.LoggingCSSParseErrorHandler: Browser compliant mode skipped CSS from [1:4109] starting at token 'where(' until [1:4154] to token '}' (based on com.helger.css.parser.ParseException: Encountered unexpected token: "." "."
    at line 1, column 4115.

Was expecting one of:

    ")"
    "+"
    "-"
    "["
    "and"
    "expression("
    "from"
    "inherit"
    "not"
    "only"
    "or"
    "to"
    <ANGLE_DEG>
    <ANGLE_GRAD>
    <ANGLE_RAD>
    <ANGLE_TURN>
    <CH>
    <DPCM>
    <DPI>
    <DPPX>
    <EM>
    <EX>
    <FR>
    <FREQ_HZ>
    <FREQ_KHZ>
    <FUNCTION>
    <FUNCTION_CALC>
    <HASH>
    <IDENT>
    <LENGTH_CM>
    <LENGTH_IN>
    <LENGTH_MM>
    <LENGTH_PC>
    <LENGTH_PT>
    <LENGTH_Q>
    <NUMBER>
    <PERCENTAGE>
    <PX>
    <REM>
    <S>
    <STRING1>
    <STRING2>
    <TIME_MS>
    <TIME_S>
    <URANGE>
    <URL>
    <VH>
    <VMAX>
    <VMIN>
    <VW>
)
2022-09-25 23:36:22,863 WARN c.h.c.r.e.LoggingCSSParseErrorHandler: Browser compliant mode skipped CSS from [11:3243] starting at token ' ' until [11:3522] to token '}' (based on com.helger.css.parser.ParseException: Encountered unexpected token: ":" ":"
    at line 11, column 3244.

Was expecting one of:

    ","
    "{"
    <S>
)
2022-09-25 23:36:22,863 WARN c.h.c.r.e.LoggingCSSParseErrorHandler: Browser compliant mode skipped CSS from [11:3554] starting at token ' ' until [11:3688] to token '}' (based on com.helger.css.parser.ParseException: Encountered unexpected token: ":" ":"
    at line 11, column 3555.

Was expecting one of:

    ","
    "{"
    <S>
)
2022-09-25 23:36:22,863 WARN c.h.c.r.e.LoggingCSSParseErrorHandler: Browser compliant mode skipped CSS from [11:3720] starting at token ' ' until [11:3896] to token '}' (based on com.helger.css.parser.ParseException: Encountered unexpected token: ":" ":"
    at line 11, column 3721.

Was expecting one of:

    ","
    "{"
    <S>
)
2022-09-25 23:36:22,863 WARN c.h.c.r.e.LoggingCSSParseErrorHandler: Browser compliant mode skipped CSS from [11:3928] starting at token ' ' until [11:4020] to token '}' (based on com.helger.css.parser.ParseException: Encountered unexpected token: ":" ":"
    at line 11, column 3929.

Was expecting one of:

    ","
    "{"
    <S>
)
2022-09-25 23:36:22,863 WARN c.h.c.r.e.LoggingCSSParseErrorHandler: Browser compliant mode skipped CSS from [11:4077] starting at token ' ' until [11:4184] to token '}' (based on com.helger.css.parser.ParseException: Encountered unexpected token: ":" ":"
    at line 11, column 4078.

Was expecting one of:

    ","
    "{"
    <S>
)
2022-09-25 23:36:22,863 WARN c.h.c.r.e.LoggingCSSParseErrorHandler: Browser compliant mode skipped CSS from [11:4216] starting at token ' ' until [11:4411] to token '}' (based on com.helger.css.parser.ParseException: Encountered unexpected token: ":" ":"
    at line 11, column 4217.

Was expecting one of:

    ","
    "{"
    <S>
)
2022-09-25 23:36:22,865 WARN c.h.c.r.e.LoggingCSSParseErrorHandler: Browser compliant mode skipped CSS from [11:4443] starting at token ' ' until [11:4555] to token '}' (based on com.helger.css.parser.ParseException: Encountered unexpected token: ":" ":"
    at line 11, column 4444.

Was expecting one of:

    ","
    "{"
    <S>
)
2022-09-25 23:36:22,865 WARN c.h.c.r.e.LoggingCSSParseErrorHandler: Browser compliant mode skipped CSS from [11:4589] starting at token 'where(' until [11:4747] to token '}' (based on com.helger.css.parser.ParseException: Encountered unexpected token: ":not(" ":not("
    at line 11, column 4595.

Was expecting one of:

    ")"
    "+"
    "-"
    "["
    "and"
    "expression("
    "from"
    "inherit"
    "not"
    "only"
    "or"
    "to"
    <ANGLE_DEG>
    <ANGLE_GRAD>
    <ANGLE_RAD>
    <ANGLE_TURN>
    <CH>
    <DPCM>
    <DPI>
    <DPPX>
    <EM>
    <EX>
    <FR>
    <FREQ_HZ>
    <FREQ_KHZ>
    <FUNCTION>
    <FUNCTION_CALC>
    <HASH>
    <IDENT>
    <LENGTH_CM>
    <LENGTH_IN>
    <LENGTH_MM>
    <LENGTH_PC>
    <LENGTH_PT>
    <LENGTH_Q>
    <NUMBER>
    <PERCENTAGE>
    <PX>
    <REM>
    <S>
    <STRING1>
    <STRING2>
    <TIME_MS>
    <TIME_S>
    <URANGE>
    <URL>
    <VH>
    <VMAX>
    <VMIN>
    <VW>
)
2022-09-25 23:36:22,865 WARN c.h.c.r.e.LoggingCSSParseErrorHandler: Browser compliant mode skipped CSS from [11:4780] starting at token 'where(' until [11:4971] to token '}' (based on com.helger.css.parser.ParseException: Encountered unexpected token: ":not(" ":not("
    at line 11, column 4786.

Was expecting one of:

    ")"
    "+"
    "-"
    "["
    "and"
    "expression("
    "from"
    "inherit"
    "not"
    "only"
    "or"
    "to"
    <ANGLE_DEG>
    <ANGLE_GRAD>
    <ANGLE_RAD>
    <ANGLE_TURN>
    <CH>
    <DPCM>
    <DPI>
    <DPPX>
    <EM>
    <EX>
    <FR>
    <FREQ_HZ>
    <FREQ_KHZ>
    <FUNCTION>
    <FUNCTION_CALC>
    <HASH>
    <IDENT>
    <LENGTH_CM>
    <LENGTH_IN>
    <LENGTH_MM>
    <LENGTH_PC>
    <LENGTH_PT>
    <LENGTH_Q>
    <NUMBER>
    <PERCENTAGE>
    <PX>
    <REM>
    <S>
    <STRING1>
    <STRING2>
    <TIME_MS>
    <TIME_S>
    <URANGE>
    <URL>
    <VH>
    <VMAX>
    <VMIN>
    <VW>
)
2022-09-25 23:36:22,865 WARN c.h.c.r.e.LoggingCSSParseErrorHandler: Browser compliant mode skipped CSS from [11:6035] starting at token 'where(' until [11:6255] to token '}' (based on com.helger.css.parser.ParseException: Encountered unexpected token: "." "."
    at line 11, column 6041.

Was expecting one of:

    ")"
    "+"
    "-"
    "["
    "and"
    "expression("
    "from"
    "inherit"
    "not"
    "only"
    "or"
    "to"
    <ANGLE_DEG>
    <ANGLE_GRAD>
    <ANGLE_RAD>
    <ANGLE_TURN>
    <CH>
    <DPCM>
    <DPI>
    <DPPX>
    <EM>
    <EX>
    <FR>
    <FREQ_HZ>
    <FREQ_KHZ>
    <FUNCTION>
    <FUNCTION_CALC>
    <HASH>
    <IDENT>
    <LENGTH_CM>
    <LENGTH_IN>
    <LENGTH_MM>
    <LENGTH_PC>
    <LENGTH_PT>
    <LENGTH_Q>
    <NUMBER>
    <PERCENTAGE>
    <PX>
    <REM>
    <S>
    <STRING1>
    <STRING2>
    <TIME_MS>
    <TIME_S>
    <URANGE>
    <URL>
    <VH>
    <VMAX>
    <VMIN>
    <VW>
)
2022-09-25 23:36:22,865 WARN c.h.c.r.e.LoggingCSSParseErrorHandler: Browser compliant mode skipped CSS from [11:6277] starting at token 'where(' until [11:6455] to token '}' (based on com.helger.css.parser.ParseException: Encountered unexpected token: "." "."
    at line 11, column 6283.

Was expecting one of:

    ")"
    "+"
    "-"
    "["
    "and"
    "expression("
    "from"
    "inherit"
    "not"
    "only"
    "or"
    "to"
    <ANGLE_DEG>
    <ANGLE_GRAD>
    <ANGLE_RAD>
    <ANGLE_TURN>
    <CH>
    <DPCM>
    <DPI>
    <DPPX>
    <EM>
    <EX>
    <FR>
    <FREQ_HZ>
    <FREQ_KHZ>
    <FUNCTION>
    <FUNCTION_CALC>
    <HASH>
    <IDENT>
    <LENGTH_CM>
    <LENGTH_IN>
    <LENGTH_MM>
    <LENGTH_PC>
    <LENGTH_PT>
    <LENGTH_Q>
    <NUMBER>
    <PERCENTAGE>
    <PX>
    <REM>
    <S>
    <STRING1>
    <STRING2>
    <TIME_MS>
    <TIME_S>
    <URANGE>
    <URL>
    <VH>
    <VMAX>
    <VMIN>
    <VW>
)
2022-09-25 23:36:22,875 WARN c.h.c.r.e.LoggingCSSParseErrorHandler: Browser compliant mode skipped CSS from [11:16257] starting at token 'p' until [11:16311] to token '}' (based on com.helger.css.parser.ParseException: Encountered unexpected token: "." "."
    at line 11, column 16258.

Was expecting one of:

    ")"
    "+"
    ","
    "-"
    "/"
    "="
    "["
    "and"
    "expression("
    "from"
    "inherit"
    "not"
    "only"
    "or"
    "to"
    <ANGLE_DEG>
    <ANGLE_GRAD>
    <ANGLE_RAD>
    <ANGLE_TURN>
    <CH>
    <DPCM>
    <DPI>
    <DPPX>
    <EM>
    <EX>
    <FR>
    <FREQ_HZ>
    <FREQ_KHZ>
    <FUNCTION>
    <FUNCTION_CALC>
    <HASH>
    <IDENT>
    <LENGTH_CM>
    <LENGTH_IN>
    <LENGTH_MM>
    <LENGTH_PC>
    <LENGTH_PT>
    <LENGTH_Q>
    <NUMBER>
    <PERCENTAGE>
    <PX>
    <REM>
    <S>
    <STRING1>
    <STRING2>
    <TIME_MS>
    <TIME_S>
    <URANGE>
    <URL>
    <VH>
    <VMAX>
    <VMIN>
    <VW>
)
2022-09-25 23:36:22,877 WARN c.h.c.r.e.LoggingCSSParseErrorHandler: Browser compliant mode skipped CSS from [11:18473] starting at token ' ' until [11:18522] to token '}' (based on com.helger.css.parser.ParseException: Encountered unexpected token: ":" ":"
    at line 11, column 18474.

Was expecting one of:

    ","
    "{"
    <S>
)
2022-09-25 23:36:22,877 WARN c.h.c.r.e.LoggingCSSParseErrorHandler: Browser compliant mode skipped CSS from [11:18571] starting at token ' ' until [11:18620] to token '}' (based on com.helger.css.parser.ParseException: Encountered unexpected token: ":" ":"
    at line 11, column 18572.

Was expecting one of:

    ","
    "{"
    <S>
)
2022-09-25 23:36:22,877 WARN c.h.c.r.e.LoggingCSSParseErrorHandler: Browser compliant mode skipped CSS from [11:18668] starting at token ' ' until [11:18791] to token '}' (based on com.helger.css.parser.ParseException: Encountered unexpected token: ":" ":"
    at line 11, column 18669.

Was expecting one of:

    ","
    "{"
    <S>
)
2022-09-25 23:36:22,877 WARN c.h.c.r.e.LoggingCSSParseErrorHandler: Browser compliant mode skipped CSS from [11:18840] starting at token ' ' until [11:18889] to token '}' (based on com.helger.css.parser.ParseException: Encountered unexpected token: ":" ":"
    at line 11, column 18841.

Was expecting one of:

    ","
    "{"
    <S>
)
2022-09-25 23:36:22,878 WARN c.h.c.r.e.LoggingCSSParseErrorHandler: Browser compliant mode skipped CSS from [11:18937] starting at token ' ' until [11:18985] to token '}' (based on com.helger.css.parser.ParseException: Encountered unexpected token: ":" ":"
    at line 11, column 18938.

Was expecting one of:

    ","
    "{"
    <S>
)
2022-09-25 23:36:22,878 WARN c.h.c.r.e.LoggingCSSParseErrorHandler: Browser compliant mode skipped CSS from [11:19037] starting at token ' ' until [11:19089] to token '}' (based on com.helger.css.parser.ParseException: Encountered unexpected token: ":" ":"
    at line 11, column 19038.

Was expecting one of:

    ","
    "{"
    <S>
)
2022-09-25 23:36:22,895 WARN c.h.c.r.e.LoggingCSSParseErrorHandler: Browser compliant mode skipped CSS from [11:42198] starting at token 'class' until [11:42243] to token '}' (based on com.helger.css.parser.ParseException: Encountered unexpected token: "*=" "*="
    at line 11, column 42203.

Was expecting one of:

    "]"
    <S>
)
2022-09-25 23:37:59,825 INFO o.a.j.t.JMeterThread: Thread is done: Thread Group 1-1
2022-09-25 23:37:59,825 INFO o.a.j.t.JMeterThread: Thread finished: Thread Group 1-1
2022-09-25 23:37:59,831 INFO o.a.j.e.StandardJMeterEngine: Notifying test listeners of end of test
2022-09-25 23:37:59,833 INFO o.a.j.g.u.JMeterMenuBar: setRunning(false, *local*)
2022-09-25 23:43:36,555 INFO o.a.j.g.a.Load: Loading file: C:\Users\Akula Abhinav\Downloads\test-2.jmx
2022-09-25 23:43:36,555 INFO o.a.j.s.FileServer: Set new base='C:\Users\Akula Abhinav\Downloads'
2022-09-25 23:43:36,555 INFO o.a.j.s.SaveService: Loading file: C:\Users\Akula Abhinav\Downloads\test-2.jmx
2022-09-25 23:43:36,658 INFO o.a.j.s.FileServer: Set new base='C:\Users\Akula Abhinav\Downloads'
2022-09-25 23:46:45,691 INFO o.a.j.v.ViewResultsFullVisualizer: Add JavaFX to your Java installation if you want to use renderer: org.apache.jmeter.visualizers.RenderInBrowser
2022-09-25 23:46:48,509 INFO o.a.j.e.StandardJMeterEngine: Running the test!
2022-09-25 23:46:48,513 INFO o.a.j.s.SampleEvent: List of sample_variables: []
2022-09-25 23:46:48,515 INFO o.a.j.g.u.JMeterMenuBar: setRunning(true, *local*)
2022-09-25 23:46:48,568 INFO o.a.j.e.StandardJMeterEngine: Starting ThreadGroup: 1 : Thread Group
2022-09-25 23:46:48,568 INFO o.a.j.e.StandardJMeterEngine: Starting 1 threads for group Thread Group.
2022-09-25 23:46:48,568 INFO o.a.j.e.StandardJMeterEngine: Thread will continue on error
2022-09-25 23:46:48,568 INFO o.a.j.t.ThreadGroup: Starting thread group... number=1 threads=1 ramp-up=1 delayedStart=false
2022-09-25 23:46:48,568 INFO o.a.j.t.ThreadGroup: Started thread group number 1
2022-09-25 23:46:48,568 INFO o.a.j.e.StandardJMeterEngine: All thread groups have been started
2022-09-25 23:46:48,570 INFO o.a.j.t.JMeterThread: Thread started: Thread Group 1-1
2022-09-25 23:48:04,203 INFO o.a.j.t.JMeterThread: Thread is done: Thread Group 1-1
2022-09-25 23:48:04,203 INFO o.a.j.t.JMeterThread: Thread finished: Thread Group 1-1
2022-09-25 23:48:04,213 INFO o.a.j.e.StandardJMeterEngine: Notifying test listeners of end of test
2022-09-25 23:48:04,213 INFO o.a.j.g.u.JMeterMenuBar: setRunning(false, *local*)
